<?xml version="1.0" encoding="UTF-8"?>
<!-- Generated by org.testng.reporters.JUnitXMLReporter -->
<testsuite hostname="san3149591" ignored="0" name="Default test" tests="3" failures="0" timestamp="27 Sep 2019 11:43:33 GMT" time="12.658" errors="0">
  <testcase name="createDatabse" time="5.284" classname="MongoConnect.MongoConnection"/>
  <testcase name="updateTable" time="3.609" classname="MongoConnect.MongoConnection"/>
  <testcase name="writeQueryToSearch" time="3.748" classname="MongoConnect.MongoConnection"/>
</testsuite> <!-- Default test -->
